<?xml version="1.0" encoding="UTF-8"?>
<!-- Generated by org.testng.reporters.JUnitXMLReporter -->
<testsuite ignored="0" hostname="Nikhil" failures="0" tests="2" name="Default test" time="11.926" errors="0" timestamp="2024-10-03T18:49:34 IST">
  <testcase classname="FrameWork.TestCases.LoginTestCases" name="logintest_002_valid_email_invalid_pass" time="2.425"/>
  <testcase classname="FrameWork.TestCases.LoginTestCases" name="logintest_002_valid_email_invalid_pass" time="2.168"/>
</testsuite> <!-- Default test -->
