<?xml version="1.0" encoding="UTF-8"?>
<!-- Generated by org.testng.reporters.JUnitXMLReporter -->
<testsuite ignored="0" hostname="Nikhil" failures="0" tests="3" name="Default test" time="12.574" errors="0" timestamp="2024-10-02T19:43:55 IST">
  <testcase classname="FrameWork.TestCases.LoginTestCases" name="logintest_001_valid_creds" time="2.072"/>
  <testcase classname="FrameWork.TestCases.LoginTestCases" name="logintest_002_invalid_email_valid_pass" time="2.344"/>
  <testcase classname="FrameWork.TestCases.LoginTestCases" name="logintest_002_valid_email_invalid_pass" time="2.114"/>
</testsuite> <!-- Default test -->
