<?xml version="1.0" encoding="UTF-8"?>
<!-- Generated by org.testng.reporters.JUnitXMLReporter -->
<testsuite ignored="0" hostname="Nikhil" failures="0" tests="3" name="LoginTest" time="12.065" errors="0" timestamp="2024-10-03T09:35:51 IST">
  <testcase classname="FrameWork.TestCases.LoginTestCases" name="logintest_001_valid_creds" time="1.976"/>
  <testcase classname="FrameWork.TestCases.LoginTestCases" name="logintest_002_valid_email_invalid_pass" time="1.931"/>
  <testcase classname="FrameWork.TestCases.LoginTestCases" name="logintest_003_invalid_email_valid_pass" time="1.941"/>
</testsuite> <!-- LoginTest -->
