<?xml version="1.0" encoding="UTF-8"?>
<!-- Generated by org.testng.reporters.JUnitXMLReporter -->
<testsuite ignored="0" hostname="Nikhil" failures="0" tests="4" name="Test" time="21.388" errors="0" timestamp="2024-10-03T09:26:37 IST">
  <testcase classname="FrameWork.TestCases.StandAloneTest" name="submitOrder" time="7.232"/>
  <testcase classname="FrameWork.TestCases.LoginTestCases" name="logintest_001_valid_creds" time="2.077"/>
  <testcase classname="FrameWork.TestCases.LoginTestCases" name="logintest_002_invalid_email_valid_pass" time="1.85"/>
  <testcase classname="FrameWork.TestCases.LoginTestCases" name="logintest_002_valid_email_invalid_pass" time="1.914"/>
</testsuite> <!-- Test -->
