<?xml version="1.0" encoding="UTF-8"?>
<testng-results ignored="0" total="2" passed="2" failed="0" skipped="0">
  <reporter-output>
  </reporter-output>
  <suite started-at="2024-10-03T18:49:22 IST" name="Default suite" finished-at="2024-10-03T18:49:34 IST" duration-ms="11926">
    <groups>
      <group name="negative">
        <method signature="LoginTestCases.logintest_002_valid_email_invalid_pass(java.util.HashMap)[pri:0, instance:FrameWork.TestCases.LoginTestCases@b2c9a9c]" name="logintest_002_valid_email_invalid_pass" class="FrameWork.TestCases.LoginTestCases"/>
      </group> <!-- negative -->
    </groups>
    <test started-at="2024-10-03T18:49:22 IST" name="Default test" finished-at="2024-10-03T18:49:34 IST" duration-ms="11926">
      <class name="FrameWork.TestCases.LoginTestCases">
        <test-method is-config="true" signature="launchApplication()[pri:0, instance:FrameWork.TestCases.LoginTestCases@b2c9a9c]" started-at="2024-10-03T18:49:23 IST" name="launchApplication" finished-at="2024-10-03T18:49:26 IST" duration-ms="3614" status="PASS">
          <reporter-output>
          </reporter-output>
        </test-method> <!-- launchApplication -->
        <test-method signature="logintest_002_valid_email_invalid_pass(java.util.HashMap)[pri:0, instance:FrameWork.TestCases.LoginTestCases@b2c9a9c]" started-at="2024-10-03T18:49:26 IST" name="logintest_002_valid_email_invalid_pass" data-provider="getloginData" finished-at="2024-10-03T18:49:29 IST" duration-ms="2425" status="PASS">
          <params>
            <param index="0">
              <value>
                <![CDATA[{password=Test@123, message=Login Successfully, type=Positive, email=nikhil.kharb@ymail.com}]]>
              </value>
            </param>
          </params>
          <reporter-output>
          </reporter-output>
        </test-method> <!-- logintest_002_valid_email_invalid_pass -->
        <test-method is-config="true" signature="closeBrowser()[pri:0, instance:FrameWork.TestCases.LoginTestCases@b2c9a9c]" started-at="2024-10-03T18:49:29 IST" name="closeBrowser" finished-at="2024-10-03T18:49:29 IST" duration-ms="237" status="PASS">
          <reporter-output>
          </reporter-output>
        </test-method> <!-- closeBrowser -->
        <test-method is-config="true" signature="launchApplication()[pri:0, instance:FrameWork.TestCases.LoginTestCases@b2c9a9c]" started-at="2024-10-03T18:49:29 IST" name="launchApplication" finished-at="2024-10-03T18:49:32 IST" duration-ms="3033" status="PASS">
          <reporter-output>
          </reporter-output>
        </test-method> <!-- launchApplication -->
        <test-method signature="logintest_002_valid_email_invalid_pass(java.util.HashMap)[pri:0, instance:FrameWork.TestCases.LoginTestCases@b2c9a9c]" started-at="2024-10-03T18:49:32 IST" name="logintest_002_valid_email_invalid_pass" data-provider="getloginData" finished-at="2024-10-03T18:49:34 IST" duration-ms="2168" status="PASS">
          <params>
            <param index="0">
              <value>
                <![CDATA[{password=Test@1234, message=Incorrect email or password., type=Negative, email=nikhil.kharb@ymail.com}]]>
              </value>
            </param>
          </params>
          <reporter-output>
          </reporter-output>
        </test-method> <!-- logintest_002_valid_email_invalid_pass -->
        <test-method is-config="true" signature="closeBrowser()[pri:0, instance:FrameWork.TestCases.LoginTestCases@b2c9a9c]" started-at="2024-10-03T18:49:34 IST" name="closeBrowser" finished-at="2024-10-03T18:49:34 IST" duration-ms="189" status="PASS">
          <reporter-output>
          </reporter-output>
        </test-method> <!-- closeBrowser -->
      </class> <!-- FrameWork.TestCases.LoginTestCases -->
    </test> <!-- Default test -->
  </suite> <!-- Default suite -->
</testng-results>
